<?xml version="1.0" encoding="UTF-8"?>
<!-- Generated by org.testng.reporters.JUnitReportReporter -->
<testsuite hostname="Smartgig" failures="0" tests="1" name="Test.BaseClass" time="0.086" errors="0" timestamp="2024-02-16T10:22:33 IST" skipped="0">
  <testcase classname="Test.BaseClass" name="test" time="0.086"/>
</testsuite> <!-- Test.BaseClass -->
