<?xml version="1.0" encoding="UTF-8"?>
<!-- Generated by org.testng.reporters.JUnitReportReporter -->
<testsuite hostname="Smartgig" failures="0" tests="2" name="Test.sd" time="0.072" errors="0" timestamp="2024-02-02T17:11:31 IST" skipped="0">
  <testcase classname="Test.sd" name="c" time="0.004"/>
  <testcase classname="Test.sd" name="b" time="0.068"/>
</testsuite> <!-- Test.sd -->
