<?xml version="1.0" encoding="UTF-8"?>
<!-- Generated by org.testng.reporters.JUnitReportReporter -->
<testsuite hostname="Smartgig" failures="0" tests="1" name="fr.t" time="0.029" errors="0" timestamp="2024-01-25T10:31:38 IST" skipped="0">
  <testcase classname="fr.t" name="ed" time="0.029"/>
</testsuite> <!-- fr.t -->
