<?xml version="1.0" encoding="UTF-8"?>
<!-- Generated by org.testng.reporters.JUnitReportReporter -->
<testsuite hostname="Smartgig" failures="0" tests="1" name="TestNG.tc10" time="0.107" errors="0" timestamp="2024-01-31T11:17:51 IST" skipped="0">
  <testcase classname="TestNG.tc10" name="test" time="0.107"/>
  <system-out/>
</testsuite> <!-- TestNG.tc10 -->
