<?xml version="1.0" encoding="UTF-8"?>
<!-- Generated by org.testng.reporters.JUnitReportReporter -->
<testsuite hostname="Smartgig" failures="0" tests="1" name="TestNG.TC1" time="0.141" errors="0" timestamp="2024-01-24T14:30:14 IST" skipped="0">
  <testcase classname="TestNG.TC1" name="a" time="0.141"/>
  <system-out/>
</testsuite> <!-- TestNG.TC1 -->
