<?xml version="1.0" encoding="UTF-8"?>
<!-- Generated by org.testng.reporters.JUnitReportReporter -->
<testsuite hostname="Smartgig" failures="0" tests="1" name="TestNGFramework.das" time="0.058" errors="0" timestamp="2024-01-24T14:44:16 IST" skipped="0">
  <testcase classname="TestNGFramework.das" name="fds" time="0.058"/>
  <system-out/>
</testsuite> <!-- TestNGFramework.das -->
