<?xml version="1.0" encoding="UTF-8"?>
<!-- Generated by org.testng.reporters.JUnitReportReporter -->
<testsuite hostname="Smartgig" failures="0" tests="1" name="TestNG.TC3" time="0.054" errors="0" timestamp="2024-01-22T14:48:09 IST" skipped="0">
  <testcase classname="TestNG.TC3" name="c" time="0.054"/>
  <system-out/>
</testsuite> <!-- TestNG.TC3 -->
