<?xml version="1.0" encoding="UTF-8"?>
<!-- Generated by org.testng.reporters.JUnitReportReporter -->
<testsuite hostname="Smartgig" failures="0" tests="6" name="TestNG.TC" time="0.095" errors="0" timestamp="2024-01-22T14:35:50 IST" skipped="0">
  <testcase classname="TestNG.TC" name="e" time="0.003"/>
  <system-out/>
  <testcase classname="TestNG.TC" name="f" time="0.002"/>
  <system-out/>
  <testcase classname="TestNG.TC" name="b" time="0.002"/>
  <system-out/>
  <testcase classname="TestNG.TC" name="a" time="0.083"/>
  <system-out/>
  <testcase classname="TestNG.TC" name="d" time="0.003"/>
  <system-out/>
  <testcase classname="TestNG.TC" name="c" time="0.002"/>
  <system-out/>
</testsuite> <!-- TestNG.TC -->
