<?xml version="1.0" encoding="UTF-8"?>
<!-- Generated by org.testng.reporters.JUnitReportReporter -->
<testsuite hostname="Smartgig" failures="0" tests="1" name="TestNGFramework.Testingmethods" time="0.053" errors="0" timestamp="2024-01-24T14:43:08 IST" skipped="0">
  <testcase classname="TestNGFramework.Testingmethods" name="test" time="0.053"/>
  <system-out/>
</testsuite> <!-- TestNGFramework.Testingmethods -->
