<?xml version="1.0" encoding="UTF-8"?>
<!-- Generated by org.testng.reporters.JUnitReportReporter -->
<testsuite hostname="Smartgig" failures="0" tests="1" name="TestNG.TC2" time="0.003" errors="0" timestamp="2024-01-22T14:48:09 IST" skipped="0">
  <testcase classname="TestNG.TC2" name="b" time="0.003"/>
  <system-out/>
</testsuite> <!-- TestNG.TC2 -->
