<?xml version="1.0" encoding="UTF-8"?>
<!-- Generated by org.testng.reporters.JUnitReportReporter -->
<testsuite hostname="Smartgig" failures="0" tests="1" name="TestNGFramework.TC1" time="0.220" errors="0" timestamp="2024-01-25T10:41:37 IST" skipped="0">
  <testcase classname="TestNGFramework.TC1" name="tc1" time="0.220"/>
  <system-out/>
</testsuite> <!-- TestNGFramework.TC1 -->
